Log file open, 06/26/18 20:17:53
LogWindows: Failed to load 'aqProf.dll' (GetLastError=126)
LogWindows: File 'aqProf.dll' does not exist
LogWindows: Failed to load 'VtuneApi.dll' (GetLastError=126)
LogWindows: File 'VtuneApi.dll' does not exist
LogWindows: Failed to load 'VtuneApi32e.dll' (GetLastError=126)
LogWindows: File 'VtuneApi32e.dll' does not exist
LogInit: Display: Running engine for game: SorrowV2
LogPlatformFile: Not using cached read wrapper
LogInit: Display: RandInit(344559043) SRandInit(344559043).
LogInit: Read version file with build ID '3944462'
LogInit: Overriding engine version to CL 3989454, compatible CL 3944462
LogInit: Registered custom module enumerator with build ID '3944462'
LogTaskGraph: Started task graph with 5 named threads and 23 total threads with 3 sets of task threads.
LogStats: Stats thread started at 5.433308
LogD3D11RHI: Aftermath initialized
LogICUInternationalization: Display: ICU TimeZone Detection - Raw Offset: +2:00, Platform Override: ''
LogConfig: Warning: Failed to saved backup for config[Editor]
LogModuleManager: Display: Found up-to-date module file ../../../Engine/Plugins/2D/Paper2D/Binaries/Win64/UE4Editor-Paper2D.dll (API version 3944462).
LogModuleManager: Display: Found up-to-date module file ../../../Engine/Plugins/2D/Paper2D/Binaries/Win64/UE4Editor-Paper2DEditor.dll (API version 3944462).
LogModuleManager: Display: Found up-to-date module file ../../../Engine/Plugins/2D/Paper2D/Binaries/Win64/UE4Editor-PaperSpriteSheetImporter.dll (API version 3944462).
LogModuleManager: Display: Found up-to-date module file ../../../Engine/Plugins/2D/Paper2D/Binaries/Win64/UE4Editor-PaperTiledImporter.dll (API version 3944462).
LogModuleManager: Display: Found up-to-date module file ../../../Engine/Plugins/2D/Paper2D/Binaries/Win64/UE4Editor-SmartSnapping.dll (API version 3944462).
LogModuleManager: Display: Found up-to-date module file ../../../Engine/Plugins/Blendables/LightPropagationVolume/Binaries/Win64/UE4Editor-LightPropagationVolumeRuntime.dll (API version 3944462).
LogModuleManager: Display: Found up-to-date module file ../../../Engine/Plugins/Blendables/LightPropagationVolume/Binaries/Win64/UE4Editor-LightPropagationVolumeEditor.dll (API version 3944462).
LogModuleManager: Display: Found up-to-date module file ../../../Engine/Plugins/Developer/CLionSourceCodeAccess/Binaries/Win64/UE4Editor-CLionSourceCodeAccess.dll (API version 3944462).
LogModuleManager: Display: Found up-to-date module file ../../../Engine/Plugins/Developer/GitSourceControl/Binaries/Win64/UE4Editor-GitSourceControl.dll (API version 3944462).
LogModuleManager: Display: Found up-to-date module file ../../../Engine/Plugins/Developer/PerforceSourceControl/Binaries/Win64/UE4Editor-PerforceSourceControl.dll (API version 3944462).
LogModuleManager: Display: Found up-to-date module file ../../../Engine/Plugins/Developer/SubversionSourceControl/Binaries/Win64/UE4Editor-SubversionSourceControl.dll (API version 3944462).
LogModuleManager: Display: Found up-to-date module file ../../../Engine/Plugins/Developer/UObjectPlugin/Binaries/Win64/UE4Editor-UObjectPlugin.dll (API version 3944462).
LogModuleManager: Display: Found up-to-date module file ../../../Engine/Plugins/Developer/VisualStudioCodeSourceCodeAccess/Binaries/Win64/UE4Editor-VisualStudioCodeSourceCodeAccess.dll (API version 3944462).
LogModuleManager: Display: Found up-to-date module file ../../../Engine/Plugins/Developer/VisualStudioSourceCodeAccess/Binaries/Win64/UE4Editor-VisualStudioSourceCodeAccess.dll (API version 3944462).
LogModuleManager: Display: Found up-to-date module file ../../../Engine/Plugins/Editor/AssetManagerEditor/Binaries/Win64/UE4Editor-AssetManagerEditor.dll (API version 3944462).
LogModuleManager: Display: Found up-to-date module file ../../../Engine/Plugins/Editor/CryptoKeys/Binaries/Win64/UE4Editor-CryptoKeys.dll (API version 3944462).
LogModuleManager: Display: Found up-to-date module file ../../../Engine/Plugins/Editor/CryptoKeys/Binaries/Win64/UE4Editor-CryptoKeysOpenSSL.dll (API version 3944462).
LogModuleManager: Display: Found up-to-date module file ../../../Engine/Plugins/Editor/DataValidation/Binaries/Win64/UE4Editor-DataValidation.dll (API version 3944462).
LogModuleManager: Display: Found up-to-date module file ../../../Engine/Plugins/Editor/FacialAnimation/Binaries/Win64/UE4Editor-FacialAnimation.dll (API version 3944462).
LogModuleManager: Display: Found up-to-date module file ../../../Engine/Plugins/Editor/FacialAnimation/Binaries/Win64/UE4Editor-FacialAnimationEditor.dll (API version 3944462).
LogModuleManager: Display: Found up-to-date module file ../../../Engine/Plugins/Editor/GameplayTagsEditor/Binaries/Win64/UE4Editor-GameplayTagsEditor.dll (API version 3944462).
LogModuleManager: Display: Found up-to-date module file ../../../Engine/Plugins/Editor/MobileLauncherProfileWizard/Binaries/Win64/UE4Editor-MobileLauncherProfileWizard.dll (API version 3944462).
LogModuleManager: Display: Found up-to-date module file ../../../Engine/Plugins/Editor/PluginBrowser/Binaries/Win64/UE4Editor-PluginBrowser.dll (API version 3944462).
LogModuleManager: Display: Found up-to-date module file ../../../Engine/Plugins/Editor/SpeedTreeImporter/Binaries/Win64/UE4Editor-SpeedTreeImporter.dll (API version 3944462).
LogModuleManager: Display: Found up-to-date module file ../../../Engine/Plugins/Enterprise/DatasmithContent/Binaries/Win64/UE4Editor-DatasmithContent.dll (API version 3944462).
LogModuleManager: Display: Found up-to-date module file ../../../Engine/Plugins/Experimental/AlembicImporter/Binaries/Win64/UE4Editor-AlembicImporter.dll (API version 3944462).
LogModuleManager: Display: Found up-to-date module file ../../../Engine/Plugins/Experimental/AlembicImporter/Binaries/Win64/UE4Editor-AlembicLibrary.dll (API version 3944462).
LogModuleManager: Display: Found up-to-date module file ../../../Engine/Plugins/Experimental/CharacterAI/Binaries/Win64/UE4Editor-CharacterAI.dll (API version 3944462).
LogModuleManager: Display: Found up-to-date module file ../../../Engine/Plugins/Experimental/HTML5Networking/Binaries/Win64/UE4Editor-HTML5Networking.dll (API version 3944462).
LogModuleManager: Display: Found up-to-date module file ../../../Engine/Plugins/Media/AndroidMedia/Binaries/Win64/UE4Editor-AndroidMediaEditor.dll (API version 3944462).
LogModuleManager: Display: Found up-to-date module file ../../../Engine/Plugins/Media/AndroidMedia/Binaries/Win64/UE4Editor-AndroidMediaFactory.dll (API version 3944462).
LogModuleManager: Display: Found up-to-date module file ../../../Engine/Plugins/Media/AvfMedia/Binaries/Win64/UE4Editor-AvfMediaEditor.dll (API version 3944462).
LogModuleManager: Display: Found up-to-date module file ../../../Engine/Plugins/Media/AvfMedia/Binaries/Win64/UE4Editor-AvfMediaFactory.dll (API version 3944462).
LogModuleManager: Display: Found up-to-date module file ../../../Engine/Plugins/Media/AvfMedia/Binaries/Win64/UE4Editor-AvfMediaFactory.dll (API version 3944462).
LogModuleManager: Display: Found up-to-date module file ../../../Engine/Plugins/Media/ImgMedia/Binaries/Win64/UE4Editor-ImgMedia.dll (API version 3944462).
LogModuleManager: Display: Found up-to-date module file ../../../Engine/Plugins/Media/ImgMedia/Binaries/Win64/UE4Editor-ImgMediaEditor.dll (API version 3944462).
LogModuleManager: Display: Found up-to-date module file ../../../Engine/Plugins/Media/ImgMedia/Binaries/Win64/UE4Editor-ImgMediaFactory.dll (API version 3944462).
LogModuleManager: Display: Found up-to-date module file ../../../Engine/Plugins/Media/ImgMedia/Binaries/Win64/UE4Editor-ImgMediaFactory.dll (API version 3944462).
LogModuleManager: Display: Found up-to-date module file ../../../Engine/Plugins/Media/ImgMedia/Binaries/Win64/UE4Editor-OpenExrWrapper.dll (API version 3944462).
LogModuleManager: Display: Found up-to-date module file ../../../Engine/Plugins/Media/LinearTimecode/Binaries/Win64/UE4Editor-LinearTimecode.dll (API version 3944462).
LogModuleManager: Display: Found up-to-date module file ../../../Engine/Plugins/Media/MediaCompositing/Binaries/Win64/UE4Editor-MediaCompositing.dll (API version 3944462).
LogModuleManager: Display: Found up-to-date module file ../../../Engine/Plugins/Media/MediaCompositing/Binaries/Win64/UE4Editor-MediaCompositingEditor.dll (API version 3944462).
LogModuleManager: Display: Found up-to-date module file ../../../Engine/Plugins/Media/MediaPlayerEditor/Binaries/Win64/UE4Editor-MediaPlayerEditor.dll (API version 3944462).
LogModuleManager: Display: Found up-to-date module file ../../../Engine/Plugins/Media/WmfMedia/Binaries/Win64/UE4Editor-WmfMedia.dll (API version 3944462).
LogModuleManager: Display: Found up-to-date module file ../../../Engine/Plugins/Media/WmfMedia/Binaries/Win64/UE4Editor-WmfMediaEditor.dll (API version 3944462).
LogModuleManager: Display: Found up-to-date module file ../../../Engine/Plugins/Media/WmfMedia/Binaries/Win64/UE4Editor-WmfMediaFactory.dll (API version 3944462).
LogModuleManager: Display: Found up-to-date module file ../../../Engine/Plugins/Media/WmfMedia/Binaries/Win64/UE4Editor-WmfMediaFactory.dll (API version 3944462).
LogModuleManager: Display: Found up-to-date module file ../../../Engine/Plugins/Messaging/TcpMessaging/Binaries/Win64/UE4Editor-TcpMessaging.dll (API version 3944462).
LogModuleManager: Display: Found up-to-date module file ../../../Engine/Plugins/Messaging/UdpMessaging/Binaries/Win64/UE4Editor-UdpMessaging.dll (API version 3944462).
LogModuleManager: Display: Found up-to-date module file ../../../Engine/Plugins/MovieScene/ActorSequence/Binaries/Win64/UE4Editor-ActorSequence.dll (API version 3944462).
LogModuleManager: Display: Found up-to-date module file ../../../Engine/Plugins/MovieScene/LevelSequenceEditor/Binaries/Win64/UE4Editor-LevelSequenceEditor.dll (API version 3944462).
LogModuleManager: Display: Found up-to-date module file ../../../Engine/Plugins/MovieScene/MatineeToLevelSequence/Binaries/Win64/UE4Editor-MatineeToLevelSequence.dll (API version 3944462).
LogModuleManager: Display: Found up-to-date module file ../../../Engine/Plugins/NetcodeUnitTest/NetcodeUnitTest/Binaries/Win64/UE4Editor-NetcodeUnitTest.dll (API version 3944462).
LogModuleManager: Display: Found up-to-date module file ../../../Engine/Plugins/NetcodeUnitTest/NUTUnrealEngine4/Binaries/Win64/UE4Editor-NUTUnrealEngine4.dll (API version 3944462).
LogModuleManager: Display: Found up-to-date module file ../../../Engine/Plugins/Online/OnlineSubsystem/Binaries/Win64/UE4Editor-OnlineSubsystem.dll (API version 3944462).
LogModuleManager: Display: Found up-to-date module file ../../../Engine/Plugins/Runtime/AndroidPermission/Binaries/Win64/UE4Editor-AndroidPermission.dll (API version 3944462).
LogModuleManager: Display: Found up-to-date module file ../../../Engine/Plugins/Online/OnlineSubsystemNull/Binaries/Win64/UE4Editor-OnlineSubsystemNull.dll (API version 3944462).
LogModuleManager: Display: Found up-to-date module file ../../../Engine/Plugins/Online/OnlineSubsystemUtils/Binaries/Win64/UE4Editor-OnlineSubsystemUtils.dll (API version 3944462).
LogModuleManager: Display: Found up-to-date module file ../../../Engine/Plugins/Online/OnlineSubsystemUtils/Binaries/Win64/UE4Editor-OnlineBlueprintSupport.dll (API version 3944462).
LogModuleManager: Display: Found up-to-date module file ../../../Engine/Plugins/Runtime/AndroidDeviceProfileSelector/Binaries/Win64/UE4Editor-AndroidDeviceProfileSelector.dll (API version 3944462).
LogModuleManager: Display: Found up-to-date module file ../../../Engine/Plugins/Runtime/AppleARKit/Binaries/Win64/UE4Editor-AppleARKit.dll (API version 3944462).
LogModuleManager: Display: Found up-to-date module file ../../../Engine/Plugins/Runtime/ProceduralMeshComponent/Binaries/Win64/UE4Editor-ProceduralMeshComponent.dll (API version 3944462).
LogModuleManager: Display: Found up-to-date module file ../../../Engine/Plugins/Runtime/ProceduralMeshComponent/Binaries/Win64/UE4Editor-ProceduralMeshComponentEditor.dll (API version 3944462).
LogModuleManager: Display: Found up-to-date module file ../../../Engine/Plugins/Animation/LiveLink/Binaries/Win64/UE4Editor-LiveLink.dll (API version 3944462).
LogModuleManager: Display: Found up-to-date module file ../../../Engine/Plugins/Animation/LiveLink/Binaries/Win64/UE4Editor-LiveLinkEditor.dll (API version 3944462).
LogModuleManager: Display: Found up-to-date module file ../../../Engine/Plugins/Runtime/ArchVisCharacter/Binaries/Win64/UE4Editor-ArchVisCharacter.dll (API version 3944462).
LogModuleManager: Display: Found up-to-date module file ../../../Engine/Plugins/Runtime/AudioCapture/Binaries/Win64/UE4Editor-AudioCapture.dll (API version 3944462).
LogModuleManager: Display: Found up-to-date module file ../../../Engine/Plugins/Runtime/AudioCapture/Binaries/Win64/UE4Editor-AudioCaptureEditor.dll (API version 3944462).
LogModuleManager: Display: Found up-to-date module file ../../../Engine/Plugins/Runtime/CableComponent/Binaries/Win64/UE4Editor-CableComponent.dll (API version 3944462).
LogModuleManager: Display: Found up-to-date module file ../../../Engine/Plugins/Runtime/CustomMeshComponent/Binaries/Win64/UE4Editor-CustomMeshComponent.dll (API version 3944462).
LogModuleManager: Display: Found up-to-date module file ../../../Engine/Plugins/Runtime/ExampleDeviceProfileSelector/Binaries/Win64/UE4Editor-ExampleDeviceProfileSelector.dll (API version 3944462).
LogModuleManager: Display: Found up-to-date module file ../../../Engine/Plugins/Runtime/ImmediatePhysics/Binaries/Win64/UE4Editor-ImmediatePhysics.dll (API version 3944462).
LogModuleManager: Display: Found up-to-date module file ../../../Engine/Plugins/Runtime/ImmediatePhysics/Binaries/Win64/UE4Editor-ImmediatePhysicsEditor.dll (API version 3944462).
LogModuleManager: Display: Found up-to-date module file ../../../Engine/Plugins/Runtime/LocationServicesBPLibrary/Binaries/Win64/UE4Editor-LocationServicesBPLibrary.dll (API version 3944462).
LogModuleManager: Display: Found up-to-date module file ../../../Engine/Plugins/Runtime/MobilePatchingUtils/Binaries/Win64/UE4Editor-MobilePatchingUtils.dll (API version 3944462).
LogModuleManager: Display: Found up-to-date module file ../../../Engine/Plugins/Runtime/Oculus/OculusVR/Binaries/Win64/UE4Editor-OculusHMD.dll (API version 3944462).
LogModuleManager: Display: Found up-to-date module file ../../../Engine/Plugins/Runtime/Oculus/OculusVR/Binaries/Win64/UE4Editor-OculusInput.dll (API version 3944462).
LogModuleManager: Display: Found up-to-date module file ../../../Engine/Plugins/Runtime/Oculus/OculusVR/Binaries/Win64/UE4Editor-OculusEditor.dll (API version 3944462).
LogModuleManager: Display: Found up-to-date module file ../../../Engine/Plugins/Runtime/PhysXVehicles/Binaries/Win64/UE4Editor-PhysXVehicles.dll (API version 3944462).
LogModuleManager: Display: Found up-to-date module file ../../../Engine/Plugins/Runtime/PhysXVehicles/Binaries/Win64/UE4Editor-PhysXVehiclesEditor.dll (API version 3944462).
LogModuleManager: Display: Found up-to-date module file ../../../Engine/Plugins/Runtime/RuntimePhysXCooking/Binaries/Win64/UE4Editor-RuntimePhysXCooking.dll (API version 3944462).
LogModuleManager: Display: Found up-to-date module file ../../../Engine/Plugins/Runtime/Steam/SteamVR/Binaries/Win64/UE4Editor-SteamVR.dll (API version 3944462).
LogModuleManager: Display: Found up-to-date module file ../../../Engine/Plugins/Runtime/Steam/SteamVR/Binaries/Win64/UE4Editor-SteamVRController.dll (API version 3944462).
LogModuleManager: Display: Found up-to-date module file ../../../Engine/Plugins/Runtime/WindowsMoviePlayer/Binaries/Win64/UE4Editor-WindowsMoviePlayer.dll (API version 3944462).
LogPluginManager: Mounting plugin Paper2D
LogPluginManager: Mounting plugin LiveLink
LogPluginManager: Mounting plugin LightPropagationVolume
LogPluginManager: Mounting plugin CLionSourceCodeAccess
LogPluginManager: Mounting plugin CodeLiteSourceCodeAccess
LogPluginManager: Mounting plugin GitSourceControl
LogPluginManager: Mounting plugin KDevelopSourceCodeAccess
LogPluginManager: Mounting plugin NullSourceCodeAccess
LogPluginManager: Mounting plugin PerforceSourceControl
LogPluginManager: Mounting plugin SubversionSourceControl
LogPluginManager: Mounting plugin UObjectPlugin
LogPluginManager: Mounting plugin VisualStudioCodeSourceCodeAccess
LogPluginManager: Mounting plugin VisualStudioSourceCodeAccess
LogPluginManager: Mounting plugin XCodeSourceCodeAccess
LogPluginManager: Mounting plugin AssetManagerEditor
LogPluginManager: Mounting plugin CryptoKeys
LogPluginManager: Mounting plugin DataValidation
LogPluginManager: Mounting plugin FacialAnimation
LogPluginManager: Mounting plugin GameplayTagsEditor
LogPluginManager: Mounting plugin MobileLauncherProfileWizard
LogPluginManager: Mounting plugin PluginBrowser
LogPluginManager: Mounting plugin SpeedTreeImporter
LogPluginManager: Mounting plugin DatasmithContent
LogPluginManager: Mounting plugin AlembicImporter
LogPluginManager: Mounting plugin CharacterAI
LogPluginManager: Mounting plugin HTML5Networking
LogPluginManager: Mounting plugin AndroidMedia
LogPluginManager: Mounting plugin AvfMedia
LogPluginManager: Mounting plugin ImgMedia
LogPluginManager: Mounting plugin LinearTimecode
LogPluginManager: Mounting plugin MediaCompositing
LogPluginManager: Mounting plugin MediaPlayerEditor
LogPluginManager: Mounting plugin WmfMedia
LogPluginManager: Mounting plugin TcpMessaging
LogPluginManager: Mounting plugin UdpMessaging
LogPluginManager: Mounting plugin ActorSequence
LogPluginManager: Mounting plugin LevelSequenceEditor
LogPluginManager: Mounting plugin MatineeToLevelSequence
LogPluginManager: Mounting plugin NetcodeUnitTest
LogPluginManager: Mounting plugin NUTUnrealEngine4
LogPluginManager: Mounting plugin OnlineSubsystemGooglePlay
LogPluginManager: Mounting plugin OnlineSubsystemIOS
LogPluginManager: Mounting plugin OnlineSubsystem
LogPluginManager: Mounting plugin OnlineSubsystemNull
LogPluginManager: Mounting plugin OnlineSubsystemUtils
LogPluginManager: Mounting plugin AndroidDeviceProfileSelector
LogPluginManager: Mounting plugin AndroidMoviePlayer
LogPluginManager: Mounting plugin AndroidPermission
LogPluginManager: Mounting plugin AppleARKit
LogPluginManager: Mounting plugin AppleMoviePlayer
LogPluginManager: Mounting plugin ArchVisCharacter
LogPluginManager: Mounting plugin AudioCapture
LogPluginManager: Mounting plugin CableComponent
LogPluginManager: Mounting plugin CustomMeshComponent
LogPluginManager: Mounting plugin ExampleDeviceProfileSelector
LogPluginManager: Mounting plugin GoogleCloudMessaging
LogPluginManager: Mounting plugin ImmediatePhysics
LogPluginManager: Mounting plugin IOSDeviceProfileSelector
LogPluginManager: Mounting plugin LinuxDeviceProfileSelector
LogPluginManager: Mounting plugin LocationServicesBPLibrary
LogPluginManager: Mounting plugin MobilePatchingUtils
LogPluginManager: Mounting plugin OculusVR
LogPluginManager: Plugin shader directory ../../../Engine/Plugins/Runtime/Oculus/OculusVR/Shaders found
LogPluginManager: Mapping shader source directory ../../../Engine/Plugins/Runtime/Oculus/OculusVR/Shaders to virtual directory /Plugin/OculusVR
LogPluginManager: Mounting plugin PhysXVehicles
LogConfig: Warning: Failed to saved backup for config[PhysXVehicles]
LogPluginManager: Mounting plugin ProceduralMeshComponent
LogPluginManager: Mounting plugin RuntimePhysXCooking
LogPluginManager: Mounting plugin SteamVR
LogPluginManager: Mounting plugin WindowsMoviePlayer
LogStreaming: Display: Took  4.022s to configure plugins.
LogInit: Using libcurl 7.47.1
LogInit:  - built for x86_64-pc-win32
LogInit:  - supports SSL with OpenSSL/1.0.2g
LogInit:  - supports HTTP deflate (compression) using libz 1.2.8
LogInit:  - other features:
LogInit:      CURL_VERSION_SSL
LogInit:      CURL_VERSION_LIBZ
LogInit:      CURL_VERSION_IPV6
LogInit:      CURL_VERSION_ASYNCHDNS
LogInit:      CURL_VERSION_LARGEFILE
LogInit:      CURL_VERSION_IDN
LogInit:  CurlRequestOptions (configurable via config and command line):
LogInit:  - bVerifyPeer = false  - Libcurl will NOT verify peer certificate
LogInit:  - bUseHttpProxy = false  - Libcurl will NOT use HTTP proxy
LogInit:  - bDontReuseConnections = false  - Libcurl will reuse connections
LogInit:  - CertBundlePath = nullptr  - Libcurl will use whatever was configured at build time.
LogInit:  - MaxHostConnections = 16  - Libcurl will limit the number of connections to a host
LogInit:  - LocalHostAddr = Default
LogInit: WinSock: version 1.1 (2.2), MaxSocks=32767, MaxUdp=65467
LogInit: WinSock: I am DESKTOP-3G34NEP (192.168.1.11:0)
LogInit: Build: ++UE4+Release-4.19-CL-3989454
LogInit: Engine Version: 4.19.1-3989454+++UE4+Release-4.19
LogInit: Compatible Engine Version: 4.19.0-3944462+++UE4+Release-4.19
LogInit: Net CL: 3944462
LogDevObjectVersion: Number of dev versions registered: 18
LogDevObjectVersion:   Dev-Blueprints (B0D832E4-1F89-4F0D-ACCF-7EB736FD4AA2): 10
LogDevObjectVersion:   Dev-Build (E1C64328-A22C-4D53-A36C-8E866417BD8C): 0
LogDevObjectVersion:   Dev-Core (375EC13C-06E4-48FB-B500-84F0262A717E): 2
LogDevObjectVersion:   Dev-Editor (E4B068ED-F494-42E9-A231-DA0B2E46BB41): 23
LogDevObjectVersion:   Dev-Framework (CFFC743F-43B0-4480-9391-14DF171D2073): 33
LogDevObjectVersion:   Dev-Mobile (B02B49B5-BB20-44E9-A304-32B752E40360): 2
LogDevObjectVersion:   Dev-Networking (A4E4105C-59A1-49B5-A7C5-40C4547EDFEE): 0
LogDevObjectVersion:   Dev-Online (39C831C9-5AE6-47DC-9A44-9C173E1C8E7C): 0
LogDevObjectVersion:   Dev-Physics (78F01B33-EBEA-4F98-B9B4-84EACCB95AA2): 0
LogDevObjectVersion:   Dev-Platform (6631380F-2D4D-43E0-8009-CF276956A95A): 0
LogDevObjectVersion:   Dev-Rendering (12F88B9F-8875-4AFC-A67C-D90C383ABD29): 25
LogDevObjectVersion:   Dev-Sequencer (7B5AE74C-D270-4C10-A958-57980B212A5A): 6
LogDevObjectVersion:   Dev-VR (D7296918-1DD6-4BDD-9DE2-64A83CC13884): 1
LogDevObjectVersion:   Dev-LoadTimes (C2A15278-BFE7-4AFE-6C17-90FF531DF755): 1
LogDevObjectVersion:   Private-Geometry (6EACA3D4-40EC-4CC1-B786-8BED09428FC5): 2
LogDevObjectVersion:   Dev-AnimPhys (29E575DD-E0A3-4627-9D10-D276232CDCEA): 16
LogDevObjectVersion:   Dev-ReflectionCapture (6B266CEC-1EC7-4B8F-A30B-E4D90942FC07): 1
LogDevObjectVersion:   Dev-Automation (0DF73D61-A23F-47EA-B727-89E90C41499A): 1
LogInit: Compiled (64-bit): Apr  6 2018 12:26:04
LogInit: Compiled with Visual C++: 19.00.24215.01
LogInit: Build Configuration: Development
LogInit: Branch Name: ++UE4+Release-4.19
LogInit: Command Line:  
LogInit: Base Directory: G:/Epic Games/UE_4.19/Engine/Binaries/Win64/
LogInit: Installed Engine Build: 1
LogStreaming: Display: Took  0.017s to delete old logs.
LogInit: Presizing for max 8388607 objects, including 0 objects not considered by GC, pre-allocating 0 bytes for permanent pool.
LogInit: Object subsystem initialized
[2018.06.26-17.18.00:199][  0]LogInit: Selected Device Profile: [Windows]
[2018.06.26-17.18.00:199][  0]LogInit: Applying CVar settings loaded from the selected device profile: [Windows]
[2018.06.26-17.18.00:336][  0]LogInit: Computer: DESKTOP-3G34NEP
[2018.06.26-17.18.00:336][  0]LogInit: User: andre
[2018.06.26-17.18.00:336][  0]LogInit: CPU Page size=4096, Cores=4
[2018.06.26-17.18.00:336][  0]LogInit: High frequency timer resolution =3.328128 MHz
[2018.06.26-17.18.00:337][  0]LogMemory: Memory total: Physical=16.0GB (16GB approx)
[2018.06.26-17.18.00:337][  0]LogMemory: Platform Memory Stats for Windows
[2018.06.26-17.18.00:337][  0]LogMemory: Process Physical Memory: 273.41 MB used, 273.41 MB peak
[2018.06.26-17.18.00:337][  0]LogMemory: Process Virtual Memory: 264.68 MB used, 264.68 MB peak
[2018.06.26-17.18.00:337][  0]LogMemory: Physical Memory: 8412.26 MB used,  7934.41 MB free, 16346.66 MB total
[2018.06.26-17.18.00:337][  0]LogMemory: Virtual Memory: 4779.77 MB used,  7934.41 MB free, 134217728.00 MB total
[2018.06.26-17.18.00:938][  0]LogInit: Using OS detected language (ru-RU).
[2018.06.26-17.18.00:938][  0]LogInit: Using OS detected locale (ru-RU).
[2018.06.26-17.18.01:130][  0]LogTextLocalizationManager: No localization for 'ru-RU' exists, so 'en' will be used for the language.
[2018.06.26-17.18.01:920][  0]LogStreaming: Display: Took  0.970s to EndInitTextLocalization.
[2018.06.26-17.18.01:951][  0]LogInit: Setting process to per monitor DPI aware
[2018.06.26-17.18.03:093][  0]LogSlate: New Slate User Created.  User Index 0, Is Virtual User: 0
[2018.06.26-17.18.03:093][  0]LogSlate: Slate User Registered.  User Index 0, Is Virtual User: 0
[2018.06.26-17.18.03:791][  0]LogD3D11RHI: D3D11 adapters:
[2018.06.26-17.18.03:863][  0]LogD3D11RHI:    0. 'NVIDIA GeForce GTX 1080' (Feature Level 11_0)
[2018.06.26-17.18.03:863][  0]LogD3D11RHI:       8079/0/8173 MB DedicatedVideo/DedicatedSystem/SharedSystem, Outputs:1, VendorId:0x10de
[2018.06.26-17.18.03:865][  0]LogD3D11RHI:    1. 'Microsoft Basic Render Driver' (Feature Level 11_0)
[2018.06.26-17.18.03:865][  0]LogD3D11RHI:       0/0/8173 MB DedicatedVideo/DedicatedSystem/SharedSystem, Outputs:0, VendorId:0x1414
[2018.06.26-17.18.03:865][  0]LogD3D11RHI: Chosen D3D11 Adapter: 0
[2018.06.26-17.18.03:887][  0]LogD3D11RHI: Creating new Direct3DDevice
[2018.06.26-17.18.03:911][  0]LogD3D11RHI:     GPU DeviceId: 0x1b80 (for the marketing name, search the web for "GPU Device Id")
[2018.06.26-17.18.03:911][  0]LogWindows: EnumDisplayDevices:
[2018.06.26-17.18.03:911][  0]LogWindows:    0. 'NVIDIA GeForce GTX 1080' (P:1 D:1)
[2018.06.26-17.18.03:911][  0]LogWindows:    1. 'NVIDIA GeForce GTX 1080' (P:0 D:0)
[2018.06.26-17.18.03:912][  0]LogWindows:    2. 'NVIDIA GeForce GTX 1080' (P:0 D:0)
[2018.06.26-17.18.03:912][  0]LogWindows:    3. 'NVIDIA GeForce GTX 1080' (P:0 D:0)
[2018.06.26-17.18.03:912][  0]LogWindows: DebugString: GetVideoDriverDetailsInvalid PrimaryIsNotTheChoosenAdapter GetVideoDriverDetailsInvalid PrimaryIsNotTheChoosenAdapter GetVideoDriverDetailsInvalid PrimaryIsNotTheChoosenAdapter GetVideoDriverDetailsInvalid PrimaryIsNotTheChoosenAdapter FoundDriverCount:0 
[2018.06.26-17.18.03:912][  0]LogD3D11RHI:     Adapter Name: NVIDIA GeForce GTX 1080
[2018.06.26-17.18.03:912][  0]LogD3D11RHI:   Driver Version: Unknown (internal:Unknown, unified:Unknown)
[2018.06.26-17.18.03:912][  0]LogD3D11RHI:      Driver Date: Unknown
[2018.06.26-17.18.03:916][  0]LogRHI: Texture pool is 5655 MB (70% of 8079 MB)
[2018.06.26-17.18.04:022][  0]LogD3D11RHI: [Aftermath] Aftermath enabled and primed
[2018.06.26-17.18.04:022][  0]LogD3D11RHI: [Aftermath] Aftermath enabled and primed
[2018.06.26-17.18.04:022][  0]LogD3D11RHI: Async texture creation enabled
[2018.06.26-17.18.04:636][  0]LogD3D11RHI: GPU Timing Frequency: 1000.000000 (Debug: 2 2)
[2018.06.26-17.18.04:754][  0]LogShaderCompilers: Guid format shader working directory is -25 characters bigger than the processId version (../../../../../Users/andre/OneDrive/Documents/Unreal Projects/SorrowV2/Intermediate/Shaders/WorkingDirectory/20296/).
[2018.06.26-17.18.04:763][  0]LogShaderCompilers: Cleaned the shader compiler working directory 'G:/Users/andre/AppData/Local/Temp/UnrealShaderWorkingDir/DC3CA9E64814E74D26CC9F9A520C4B64/'.
[2018.06.26-17.18.06:163][  0]LogTemp: Display: Loaded TP AllDesktopTargetPlatform
[2018.06.26-17.18.06:175][  0]LogTemp: Display: Loaded TP MacClientTargetPlatform
[2018.06.26-17.18.06:189][  0]LogTemp: Display: Loaded TP MacNoEditorTargetPlatform
[2018.06.26-17.18.06:203][  0]LogTemp: Display: Loaded TP MacServerTargetPlatform
[2018.06.26-17.18.06:242][  0]LogTemp: Display: Loaded TP MacTargetPlatform
[2018.06.26-17.18.06:255][  0]LogTemp: Display: Loaded TP WindowsClientTargetPlatform
[2018.06.26-17.18.06:268][  0]LogTemp: Display: Loaded TP WindowsNoEditorTargetPlatform
[2018.06.26-17.18.06:282][  0]LogTemp: Display: Loaded TP WindowsServerTargetPlatform
[2018.06.26-17.18.06:289][  0]LogTemp: Display: Loaded TP WindowsTargetPlatform
[2018.06.26-17.18.06:317][  0]LogTemp: Display: Loaded TP Android_ASTCTargetPlatform
[2018.06.26-17.18.06:351][  0]LogTemp: Display: Loaded TP Android_ATCTargetPlatform
[2018.06.26-17.18.06:390][  0]LogTemp: Display: Loaded TP Android_DXTTargetPlatform
[2018.06.26-17.18.06:404][  0]LogTemp: Display: Loaded TP Android_ETC1aTargetPlatform
[2018.06.26-17.18.06:417][  0]LogTemp: Display: Loaded TP Android_ETC1TargetPlatform
[2018.06.26-17.18.06:430][  0]LogTemp: Display: Loaded TP Android_ETC2TargetPlatform
[2018.06.26-17.18.06:458][  0]LogTemp: Display: Loaded TP Android_MultiTargetPlatform
[2018.06.26-17.18.06:458][  0]LogTemp: Display: Loaded TP Android_PVRTCTargetPlatform
[2018.06.26-17.18.06:495][  0]LogTemp: Display: Loaded TP AndroidTargetPlatform
[2018.06.26-17.18.06:498][  0]LogTemp: Display: Loaded TP HTML5TargetPlatform
[2018.06.26-17.18.06:590][  0]LogTemp: Display: Loaded TP IOSTargetPlatform
[2018.06.26-17.18.06:604][  0]LogTemp: Display: Loaded TP TVOSTargetPlatform
[2018.06.26-17.18.06:617][  0]LogTemp: Display: Loaded TP LinuxClientTargetPlatform
[2018.06.26-17.18.06:631][  0]LogTemp: Display: Loaded TP LinuxNoEditorTargetPlatform
[2018.06.26-17.18.06:646][  0]LogTemp: Display: Loaded TP LinuxServerTargetPlatform
[2018.06.26-17.18.06:679][  0]LogTemp: Display: Loaded TP LinuxTargetPlatform
[2018.06.26-17.18.06:679][  0]LogTargetPlatformManager: Display: Building Assets For Windows
[2018.06.26-17.18.07:597][  0]LogXGEController: Cleaning working directory: G:/Users/andre/AppData/Local/Temp/UnrealXGEWorkingDir/
[2018.06.26-17.18.07:597][  0]LogXGEController: Cannot use XGE Controller as Incredibuild is not installed on this machine.
[2018.06.26-17.18.07:636][  0]LogShaderCompilers: Cannot use XGE Shader Compiler as Incredibuild is not installed on this machine.
[2018.06.26-17.18.07:636][  0]LogShaderCompilers: Display: Using Local Shader Compiler.
[2018.06.26-17.18.10:087][  0]LogDerivedDataCache: Display: Max Cache Size: 512 MB
[2018.06.26-17.18.10:836][  0]LogDerivedDataCache: Loaded boot cache 0.73s 74MB G:/Users/andre/AppData/Local/UnrealEngine/4.19/DerivedDataCache/Boot.ddc.
[2018.06.26-17.18.10:836][  0]LogDerivedDataCache: Display: Loaded Boot cache: G:/Users/andre/AppData/Local/UnrealEngine/4.19/DerivedDataCache/Boot.ddc
[2018.06.26-17.18.10:836][  0]LogDerivedDataCache: FDerivedDataBackendGraph:  Pak pak cache file ../../../../../Users/andre/OneDrive/Documents/Unreal Projects/SorrowV2/DerivedDataCache/DDC.ddp not found, will not use a pak cache.
[2018.06.26-17.18.10:836][  0]LogDerivedDataCache: Unable to find inner node Pak for hierarchical cache Hierarchy.
[2018.06.26-17.18.10:836][  0]LogDerivedDataCache: FDerivedDataBackendGraph:  CompressedPak pak cache file ../../../../../Users/andre/OneDrive/Documents/Unreal Projects/SorrowV2/DerivedDataCache/Compressed.ddp not found, will not use a pak cache.
[2018.06.26-17.18.10:836][  0]LogDerivedDataCache: Unable to find inner node CompressedPak for hierarchical cache Hierarchy.
[2018.06.26-17.18.10:906][  0]LogDerivedDataCache: Display: Pak cache opened for reading ../../../Engine/DerivedDataCache/Compressed.ddp.
[2018.06.26-17.18.10:968][  0]LogDerivedDataCache: Using Local data cache path G:/Users/andre/AppData/Local/UnrealEngine/Common/DerivedDataCache: Writable
[2018.06.26-17.18.11:038][  0]LogMaterial: Verifying Global Shaders for PCD3D_SM5
[2018.06.26-17.18.11:104][  0]LogSlate: Using Freetype 2.6.0
[2018.06.26-17.18.11:193][  0]LogSlate: SlateFontCache - WITH_FREETYPE: 1, WITH_HARFBUZZ: 1
[2018.06.26-17.18.11:193][  0]LogSlate: SlateFontCache - WITH_FREETYPE: 1, WITH_HARFBUZZ: 1
[2018.06.26-17.18.15:735][  0]LogAssetRegistry: FAssetRegistry took 0.0278 seconds to start up
[2018.06.26-17.18.24:194][  0]LogInit: Selected Device Profile: [Windows]
[2018.06.26-17.18.25:645][  0]LogSimplygon: Simplygon DLL not present - disabling.
[2018.06.26-17.18.25:696][  0]LogMeshReduction: Using SimplygonSwarm for distributed automatic mesh merging
[2018.06.26-17.18.25:696][  0]LogMeshReduction: Using QuadricMeshReduction for automatic static mesh reduction
[2018.06.26-17.18.25:696][  0]LogMeshReduction: No automatic skeletal mesh reduction module available
[2018.06.26-17.18.25:696][  0]LogMeshReduction: No automatic mesh merging module available
[2018.06.26-17.18.25:696][  0]LogMeshMerging: No automatic mesh merging module available
[2018.06.26-17.18.26:098][  0]LogNetVersion: SorrowV2 , NetCL: 3944462, EngineNetVer: 2, GameNetVer: 0 (Checksum: 4276823624)
[2018.06.26-17.18.30:160][  0]LogAssetRegistry: Error: Failed to open file for write ../../../../../Users/andre/OneDrive/Documents/Unreal Projects/SorrowV2/Intermediate/AssetRegistryCache/50a675f9.bin
[2018.06.26-17.18.30:164][  0]LogAssetRegistry: Error: Failed to open file for write ../../../../../Users/andre/OneDrive/Documents/Unreal Projects/SorrowV2/Intermediate/AssetRegistryCache/52ed2538.bin
[2018.06.26-17.18.30:181][  0]LogFileManager: Warning: MoveFile was unable to move '../../../../../Users/andre/OneDrive/Documents/Unreal Projects/SorrowV2/Intermediate/AssetRegistryCache/1f683343.bin.tmp' to '../../../../../Users/andre/OneDrive/Documents/Unreal Projects/SorrowV2/Intermediate/AssetRegistryCache/1f683343.bin', retrying in .5s...
[2018.06.26-17.18.30:683][  0]LogFileManager: Warning: MoveFile was unable to move '../../../../../Users/andre/OneDrive/Documents/Unreal Projects/SorrowV2/Intermediate/AssetRegistryCache/1f683343.bin.tmp' to '../../../../../Users/andre/OneDrive/Documents/Unreal Projects/SorrowV2/Intermediate/AssetRegistryCache/1f683343.bin', retrying in .5s...
[2018.06.26-17.18.31:184][  0]LogFileManager: Warning: MoveFile was unable to move '../../../../../Users/andre/OneDrive/Documents/Unreal Projects/SorrowV2/Intermediate/AssetRegistryCache/1f683343.bin.tmp' to '../../../../../Users/andre/OneDrive/Documents/Unreal Projects/SorrowV2/Intermediate/AssetRegistryCache/1f683343.bin', retrying in .5s...
[2018.06.26-17.18.31:685][  0]LogFileManager: Warning: MoveFile was unable to move '../../../../../Users/andre/OneDrive/Documents/Unreal Projects/SorrowV2/Intermediate/AssetRegistryCache/1f683343.bin.tmp' to '../../../../../Users/andre/OneDrive/Documents/Unreal Projects/SorrowV2/Intermediate/AssetRegistryCache/1f683343.bin', retrying in .5s...
[2018.06.26-17.18.32:186][  0]LogFileManager: Warning: MoveFile was unable to move '../../../../../Users/andre/OneDrive/Documents/Unreal Projects/SorrowV2/Intermediate/AssetRegistryCache/1f683343.bin.tmp' to '../../../../../Users/andre/OneDrive/Documents/Unreal Projects/SorrowV2/Intermediate/AssetRegistryCache/1f683343.bin', retrying in .5s...
[2018.06.26-17.18.32:687][  0]LogFileManager: Warning: MoveFile was unable to move '../../../../../Users/andre/OneDrive/Documents/Unreal Projects/SorrowV2/Intermediate/AssetRegistryCache/1f683343.bin.tmp' to '../../../../../Users/andre/OneDrive/Documents/Unreal Projects/SorrowV2/Intermediate/AssetRegistryCache/1f683343.bin', retrying in .5s...
[2018.06.26-17.18.33:188][  0]LogFileManager: Warning: MoveFile was unable to move '../../../../../Users/andre/OneDrive/Documents/Unreal Projects/SorrowV2/Intermediate/AssetRegistryCache/1f683343.bin.tmp' to '../../../../../Users/andre/OneDrive/Documents/Unreal Projects/SorrowV2/Intermediate/AssetRegistryCache/1f683343.bin', retrying in .5s...
[2018.06.26-17.18.33:689][  0]LogFileManager: Warning: MoveFile was unable to move '../../../../../Users/andre/OneDrive/Documents/Unreal Projects/SorrowV2/Intermediate/AssetRegistryCache/1f683343.bin.tmp' to '../../../../../Users/andre/OneDrive/Documents/Unreal Projects/SorrowV2/Intermediate/AssetRegistryCache/1f683343.bin', retrying in .5s...
[2018.06.26-17.18.34:189][  0]LogFileManager: Warning: MoveFile was unable to move '../../../../../Users/andre/OneDrive/Documents/Unreal Projects/SorrowV2/Intermediate/AssetRegistryCache/1f683343.bin.tmp' to '../../../../../Users/andre/OneDrive/Documents/Unreal Projects/SorrowV2/Intermediate/AssetRegistryCache/1f683343.bin', retrying in .5s...
[2018.06.26-17.18.34:690][  0]LogFileManager: Warning: MoveFile was unable to move '../../../../../Users/andre/OneDrive/Documents/Unreal Projects/SorrowV2/Intermediate/AssetRegistryCache/1f683343.bin.tmp' to '../../../../../Users/andre/OneDrive/Documents/Unreal Projects/SorrowV2/Intermediate/AssetRegistryCache/1f683343.bin', retrying in .5s...
[2018.06.26-17.18.35:191][  0]LogFileManager: Error: Error moving file '../../../../../Users/andre/OneDrive/Documents/Unreal Projects/SorrowV2/Intermediate/AssetRegistryCache/1f683343.bin.tmp' to '../../../../../Users/andre/OneDrive/Documents/Unreal Projects/SorrowV2/Intermediate/AssetRegistryCache/1f683343.bin'.
[2018.06.26-17.18.35:194][  0]LogPackageLocalizationCache: Processed 9 localized package path(s) for 1 prioritized culture(s) in 5.116788 seconds
[2018.06.26-17.18.35:202][  0]LogUObjectArray: 36728 objects as part of root set at end of initial load.
[2018.06.26-17.18.35:202][  0]LogUObjectAllocator: 7314312 out of 0 bytes used by permanent object pool.
[2018.06.26-17.18.35:202][  0]LogUObjectArray: CloseDisregardForGC: 0/0 objects in disregard for GC pool
[2018.06.26-17.18.46:482][  0]LogTcpMessaging: Initializing TcpMessaging bridge
[2018.06.26-17.18.46:565][  0]LogUdpMessaging: Initializing bridge on interface 0.0.0.0:0 to multicast group 230.0.0.1:6666.
[2018.06.26-17.18.47:998][  0]SourceControl: Source control is disabled
[2018.06.26-17.18.47:999][  0]SourceControl: Source control is disabled
[2018.06.26-17.18.48:109][  0]SourceControl: Source control is disabled
[2018.06.26-17.18.48:189][  0]SourceControl: Source control is disabled
[2018.06.26-17.18.49:865][  0]LogAndroidPermission: UAndroidPermissionCallbackProxy::GetInstance
[2018.06.26-17.18.50:277][  0]LogOcInput: OculusInput pre-init called
[2018.06.26-17.18.50:849][  0]LogEngine: Initializing Engine...
[2018.06.26-17.18.50:899][  0]LogHMD: Failed to initialize OpenVR with code 110
[2018.06.26-17.18.50:917][  0]LogStats: UGameplayTagsManager::ConstructGameplayTagTree: Construct from data asset -  0.000 s
[2018.06.26-17.18.50:917][  0]LogStats: UGameplayTagsManager::ConstructGameplayTagTree: GameplayTagTreeChangedEvent.Broadcast -  0.000 s
[2018.06.26-17.18.52:024][  0]LogAIModule: Creating AISystem for world Untitled
[2018.06.26-17.18.52:155][  0]LogInit: XAudio2 using 'Динамики (Realtek High Definition Audio)' : 2 channels at 48 kHz using 32 bits per sample (channel mask 0x3)
[2018.06.26-17.18.52:187][  0]LogInit: FAudioDevice initialized.
[2018.06.26-17.18.52:196][  0]LogDerivedDataCache: Error: Could not save memory cache G:/Users/andre/AppData/Local/UnrealEngine/4.19/DerivedDataCache/Boot.ddc.
[2018.06.26-17.18.52:224][  0]LogInit: Texture streaming: Enabled
[2018.06.26-17.18.52:733][  0]LogEngineSessionManager: EngineSessionManager initialized
[2018.06.26-17.18.52:938][  0]LogInit: Transaction tracking system initialized
[2018.06.26-17.18.53:343][  0]BlueprintLog: New page: Editor Load
[2018.06.26-17.18.54:664][  0]LocalizationService: Localization service is disabled
[2018.06.26-17.18.55:214][  0]LogLinker: Warning: Can't find file '/Game/TopDownBP/TopDownOverview'
[2018.06.26-17.18.55:220][  0]LogLinker: Warning: Can't find file '/Game/TopDownBP/TopDownOverview'
[2018.06.26-17.18.55:220][  0]LogUObjectGlobals: Warning: Failed to find object 'Class /Game/TopDownBP/TopDownOverview.TopDownOverview_C'
[2018.06.26-17.18.55:682][  0]LogConsoleResponse: Display: 
[2018.06.26-17.18.58:543][  0]LogFileCache: Scanning file cache for directory 'G:/Users/andre/OneDrive/Documents/Unreal Projects/SorrowV2/Content/' took 0.02s
[2018.06.26-17.18.58:543][  0]LogCook: Display: Max memory allowance for cook 16384mb min free memory 0mb
[2018.06.26-17.18.58:543][  0]LogCook: Display: Mobile HDR setting 1
[2018.06.26-17.18.58:543][  0]LogGameplayTags: Display: UGameplayTagsManager::DoneAddingNativeTags. DelegateIsBound: 0
[2018.06.26-17.18.58:543][  0]LogStats: UGameplayTagsManager::ConstructGameplayTagTree: Construct from data asset -  0.000 s
[2018.06.26-17.18.58:543][  0]LogStats: UGameplayTagsManager::ConstructGameplayTagTree: GameplayTagTreeChangedEvent.Broadcast -  0.000 s
[2018.06.26-17.19.00:661][  0]SourceControl: Source control is disabled
[2018.06.26-17.19.00:694][  0]Cmd: MAP LOAD FILE="../../../../../Users/andre/OneDrive/Documents/Unreal Projects/SorrowV2/Content/AdvancedTurnBasedTileToolkit/Maps/Example.umap" TEMPLATE=0 SHOWPROGRESS=1 FEATURELEVEL=3
[2018.06.26-17.19.00:740][  0]LightingResults: New page: Lighting Build
[2018.06.26-17.19.00:868][  0]MapCheck: New page: Map Check
[2018.06.26-17.19.00:868][  0]LightingResults: New page: Lighting Build
[2018.06.26-17.19.18:484][  0]LogSkeletalMesh: Skeletal Mesh found in DDC [1.053445ms] /Game/AdvancedTurnBasedTileToolkit/Units/SK_Mannequin_Mobile.SK_Mannequin_Mobile
[2018.06.26-17.19.18:547][  0]LogAIModule: Creating AISystem for world Example
[2018.06.26-17.19.18:960][  0]LogEditorServer: Finished looking for orphan Actors (0.000 secs)
[2018.06.26-17.19.19:153][  0]Cmd: MAP CHECKDEP NOCLEARLOG
[2018.06.26-17.19.19:247][  0]MapCheck: Map check complete: 0 Error(s), 0 Warning(s), took 93,593ms to complete.
[2018.06.26-17.19.19:247][  0]LogFileHelpers: Loading map 'Example' took 18.571
[2018.06.26-17.19.20:775][  0]LogCollectionManager: Loaded 0 collections in 0.001455 seconds
[2018.06.26-17.19.20:961][  0]LogFileCache: Scanning file cache for directory 'G:/Users/andre/OneDrive/Documents/Unreal Projects/SorrowV2/Saved/Collections/' took 0.01s
[2018.06.26-17.19.20:961][  0]LogFileCache: Scanning file cache for directory 'G:/Users/andre/OneDrive/Documents/Unreal Projects/SorrowV2/Content/Developers/andre/Collections/' took 0.01s
[2018.06.26-17.19.20:961][  0]LogFileCache: Scanning file cache for directory 'G:/Users/andre/OneDrive/Documents/Unreal Projects/SorrowV2/Content/Collections/' took 0.01s
[2018.06.26-17.19.20:961][  0]LogCollectionManager: Rebuilt the GUID cache for 0 collections in 0.000001 seconds
[2018.06.26-17.19.20:971][  0]LogContentBrowser: Native class hierarchy populated in 0.0085 seconds. Added 2452 classes and 558 folders.
[2018.06.26-17.19.21:052][  0]LogContentBrowser: Native class hierarchy updated for 'WidgetCarousel' in 0.0004 seconds. Added 0 classes and 0 folders.
[2018.06.26-17.19.23:198][  0]LogContentBrowser: Native class hierarchy updated for 'AddContentDialog' in 0.0006 seconds. Added 0 classes and 0 folders.
[2018.06.26-17.19.23:245][  0]LogContentBrowser: Native class hierarchy updated for 'SceneOutliner' in 0.0003 seconds. Added 1 classes and 2 folders.
[2018.06.26-17.19.24:524][  0]LogSlate: Took 0.017930 seconds to synchronously load lazily loaded font '../../../Engine/Content/Slate/Fonts/Roboto-Regular.ttf' (155K)
[2018.06.26-17.19.24:562][  0]LogSlate: Took 0.025793 seconds to synchronously load lazily loaded font '../../../Engine/Content/Slate/Fonts/Roboto-Bold.ttf' (160K)
[2018.06.26-17.19.24:612][  0]LogSlate: Took 0.019209 seconds to synchronously load lazily loaded font '../../../Engine/Content/Editor/Slate/Fonts/FontAwesome.ttf' (139K)
[2018.06.26-17.19.24:934][  0]LogRenderer: Reallocating scene render targets to support 1452x748 Format 10 NumSamples 1 (Frame:1).
[2018.06.26-17.19.25:725][  0]LogContentBrowser: Native class hierarchy updated for 'HierarchicalLODOutliner' in 0.0006 seconds. Added 0 classes and 0 folders.
[2018.06.26-17.19.25:725][  0]LogLoad: (Engine Initialization) Total time: 109.60 seconds
[2018.06.26-17.19.25:725][  0]LogLoad: (Engine Initialization) Total Blueprint compile time: 0.00 seconds
[2018.06.26-17.19.26:097][  0]LogContentStreaming: Texture pool size now 1000 MB
[2018.06.26-17.19.26:753][  2]LogAssetRegistry: Asset discovery search completed in 71.0414 seconds
[2018.06.26-17.19.26:757][  2]LogCollectionManager: Rebuilt the object cache for 0 collections in 0.000000 seconds (found 0 objects)
[2018.06.26-17.19.26:757][  2]LogCollectionManager: Fixed up redirectors for 0 collections in 0.000062 seconds (updated 0 objects)
[2018.06.26-17.19.27:089][  3]LogSlate: Took 0.000311 seconds to synchronously load lazily loaded font '../../../Engine/Content/Slate/Fonts/Roboto-Light.ttf' (167K)
[2018.06.26-17.30.34:087][  4]LogSlate: FSceneViewport::OnFocusLost() reason 2
[2018.06.26-17.30.36:178][248]LogSlate: Window 'Message Log' being destroyed
[2018.06.26-17.30.36:186][248]LogSlate: Window 'Message Log' being destroyed
[2018.06.26-17.30.43:406][523]LogSlate: FSceneViewport::OnFocusLost() reason 0
[2018.06.26-17.30.43:428][525]LogLinker: Warning: Can't resolve asset name
[2018.06.26-17.30.52:397][594]LogSlate: FSceneViewport::OnFocusLost() reason 0
[2018.06.26-17.30.53:801][617]LogAIModule: Creating AISystem for world MainMenu
[2018.06.26-17.30.53:844][617]Cmd: MAP LOAD FILE="../../../../../Users/andre/OneDrive/Documents/Unreal Projects/SorrowV2/Content/Project/MainMenu.umap" TEMPLATE=0 SHOWPROGRESS=1 FEATURELEVEL=3
[2018.06.26-17.30.53:844][617]LightingResults: New page: Lighting Build
[2018.06.26-17.30.53:845][617]LoadErrors: New page: Loading map: MainMenu.umap
[2018.06.26-17.30.53:848][617]MapCheck: New page: Map Check
[2018.06.26-17.30.53:848][617]LightingResults: New page: Lighting Build
[2018.06.26-17.30.53:996][617]LogEditorServer: Finished looking for orphan Actors (0.000 secs)
[2018.06.26-17.30.54:037][617]Cmd: MAP CHECKDEP NOCLEARLOG
[2018.06.26-17.30.54:112][617]MapCheck: Map check complete: 0 Error(s), 0 Warning(s), took 76,16ms to complete.
[2018.06.26-17.30.54:112][617]LogFileHelpers: Loading map 'MainMenu' took 0.270
[2018.06.26-17.30.55:606][774]LogAIModule: Creating AISystem for world MainScene
[2018.06.26-17.30.55:627][774]Cmd: MAP LOAD FILE="../../../../../Users/andre/OneDrive/Documents/Unreal Projects/SorrowV2/Content/Project/MainScene.umap" TEMPLATE=0 SHOWPROGRESS=1 FEATURELEVEL=3
[2018.06.26-17.30.55:627][774]LightingResults: New page: Lighting Build
[2018.06.26-17.30.55:628][774]LoadErrors: New page: Loading map: MainScene.umap
[2018.06.26-17.30.55:629][774]MapCheck: New page: Map Check
[2018.06.26-17.30.55:629][774]LightingResults: New page: Lighting Build
[2018.06.26-17.30.55:842][774]LogEditorServer: Finished looking for orphan Actors (0.000 secs)
[2018.06.26-17.30.55:888][774]Cmd: MAP CHECKDEP NOCLEARLOG
[2018.06.26-17.30.55:960][774]MapCheck: Map check complete: 0 Error(s), 0 Warning(s), took 71,185ms to complete.
[2018.06.26-17.30.55:960][774]LogFileHelpers: Loading map 'MainScene' took 0.334
[2018.06.26-17.30.57:417][937]LogAIModule: Creating AISystem for world MainMenu
[2018.06.26-17.30.57:435][937]Cmd: MAP LOAD FILE="../../../../../Users/andre/OneDrive/Documents/Unreal Projects/SorrowV2/Content/Project/MainMenu.umap" TEMPLATE=0 SHOWPROGRESS=1 FEATURELEVEL=3
[2018.06.26-17.30.57:435][937]LightingResults: New page: Lighting Build
[2018.06.26-17.30.57:436][937]LoadErrors: New page: Loading map: MainMenu.umap
[2018.06.26-17.30.57:437][937]MapCheck: New page: Map Check
[2018.06.26-17.30.57:437][937]LightingResults: New page: Lighting Build
[2018.06.26-17.30.57:538][937]LogEditorServer: Finished looking for orphan Actors (0.000 secs)
[2018.06.26-17.30.57:580][937]Cmd: MAP CHECKDEP NOCLEARLOG
[2018.06.26-17.30.57:652][937]MapCheck: Map check complete: 0 Error(s), 0 Warning(s), took 71,915ms to complete.
[2018.06.26-17.30.57:654][937]LogFileHelpers: Loading map 'MainMenu' took 0.219
[2018.06.26-17.30.59:737][180]LogTemp: Repeating last play command: Selected Viewport
[2018.06.26-17.30.59:765][180]LogBlueprintUserMessages: Early PlayInEditor Detection: Level '/Game/Project/MainMenu.MainMenu:PersistentLevel' has LevelScriptBlueprint '/Game/Project/MainMenu.MainMenu:PersistentLevel.MainMenu' with GeneratedClass '/Game/Project/MainMenu.MainMenu_C' with ClassGeneratedBy '/Game/Project/MainMenu.MainMenu:PersistentLevel.MainMenu'
[2018.06.26-17.30.59:765][180]LogPlayLevel: PlayLevel: No blueprints needed recompiling
[2018.06.26-17.30.59:783][180]PIE: New page: PIE session: MainMenu (26 июня 2018 г., 23:30:59)
[2018.06.26-17.30.59:826][180]LogPlayLevel: Creating play world package: /Game/Project/UEDPIE_0_MainMenu
[2018.06.26-17.30.59:828][180]LogPlayLevel: PIE: StaticDuplicateObject took: (0.002363s)
[2018.06.26-17.30.59:829][180]LogAIModule: Creating AISystem for world MainMenu
[2018.06.26-17.30.59:829][180]LogPlayLevel: PIE: World Init took: (0.000569s)
[2018.06.26-17.30.59:829][180]LogPlayLevel: PIE: Created PIE world by copying editor world from /Game/Project/MainMenu.MainMenu to /Game/Project/UEDPIE_0_MainMenu.MainMenu (0.003060s)
[2018.06.26-17.30.59:849][180]LogInit: XAudio2 using 'Динамики (Realtek High Definition Audio)' : 2 channels at 48 kHz using 32 bits per sample (channel mask 0x3)
[2018.06.26-17.30.59:862][180]LogInit: FAudioDevice initialized.
[2018.06.26-17.30.59:942][180]LogLoad: Game class is 'BP_ATBTT_C'
[2018.06.26-17.30.59:958][180]LogWorld: Bringing World /Game/Project/UEDPIE_0_MainMenu.MainMenu up for play (max tick rate 0) at 2018.06.26-20.30.59
[2018.06.26-17.30.59:958][180]LogWorld: Bringing up level for play took: 0.000751
[2018.06.26-17.31.00:059][180]LogContentBrowser: Native class hierarchy updated for 'MovieSceneCapture' in 0.0003 seconds. Added 11 classes and 0 folders.
[2018.06.26-17.31.00:059][180]LogGameMode: Display: Match State Changed from EnteringMap to WaitingToStart
[2018.06.26-17.31.00:059][180]LogGameState: Match State Changed from EnteringMap to WaitingToStart
[2018.06.26-17.31.00:059][180]LogGameMode: Display: Match State Changed from WaitingToStart to InProgress
[2018.06.26-17.31.00:101][180]LogScriptCore: Warning: Script Msg: Attempted to access index 0 from array 'CallFunc_GetAllActorsOfClass_OutActors' of length 0 in '/Game/AdvancedTurnBasedTileToolkit/Core/BP_ATBTT_State.BP_ATBTT_State_C:SetupCoreBlueprints'!
[2018.06.26-17.31.00:114][180]LogScript: Warning: Accessed None trying to read property GridManager
	BP_ATBTT_State_C /Game/Project/UEDPIE_0_MainMenu.MainMenu:PersistentLevel.BP_ATBTT_State_C_0
	Function /Game/AdvancedTurnBasedTileToolkit/Core/BP_ATBTT_State.BP_ATBTT_State_C:SetupCoreBlueprints:0319
[2018.06.26-17.31.00:114][180]PIE: Error: Blueprint Runtime Error: Accessed None trying to read property GridManager from function: 'SetupCoreBlueprints' from node: Activate Grid Manager in graph: SetupCoreBlueprints in object: BP_ATBTT_State with description: Accessed None trying to read property GridManager
[2018.06.26-17.31.00:147][180]LogScriptCore: Warning: Script Msg: Attempted to access index 0 from array 'InitiativeOrderUnits' of length 0 in '/Game/AdvancedTurnBasedTileToolkit/Core/BP_TurnManager.BP_TurnManager_C'!
[2018.06.26-17.31.00:147][180]LogScript: Warning: Accessed None trying to read property CallFunc_GetGridManager_GridManager
	BP_GridCamera_C /Game/Project/UEDPIE_0_MainMenu.MainMenu:PersistentLevel.BP_GridCamera_C_0
	Function /Game/AdvancedTurnBasedTileToolkit/Core/BP_GridCamera.BP_GridCamera_C:ExecuteUbergraph_BP_GridCamera:0305
[2018.06.26-17.31.00:148][180]PIE: Error: Blueprint Runtime Error: Accessed None trying to read property CallFunc_GetGridManager_GridManager from function: 'ExecuteUbergraph_BP_GridCamera' from node: SetActorLocationAndRotation in graph: EventGraph in object: BP_GridCamera with description: Accessed None trying to read property CallFunc_GetGridManager_GridManager
[2018.06.26-17.31.00:155][180]LogGameState: Match State Changed from WaitingToStart to InProgress
[2018.06.26-17.31.00:155][180]PIE: Play in editor start time for /Game/Project/UEDPIE_0_MainMenu 0,278
[2018.06.26-17.31.00:156][180]LogBlueprintUserMessages: Late PlayInEditor Detection: Level '/Game/Project/MainMenu.MainMenu:PersistentLevel' has LevelScriptBlueprint '/Game/Project/MainMenu.MainMenu:PersistentLevel.MainMenu' with GeneratedClass '/Game/Project/MainMenu.MainMenu_C' with ClassGeneratedBy '/Game/Project/MainMenu.MainMenu:PersistentLevel.MainMenu'
[2018.06.26-17.31.02:668][468]LogGameMode: Display: Match State Changed from InProgress to LeavingMap
[2018.06.26-17.31.02:668][468]LogGameState: Match State Changed from InProgress to LeavingMap
[2018.06.26-17.31.02:668][468]LogNet: Browse: /Game/Project/MainScene
[2018.06.26-17.31.02:668][468]LogLoad: LoadMap: /Game/Project/MainScene
[2018.06.26-17.31.03:592][468]LogAIModule: Creating AISystem for world MainScene
[2018.06.26-17.31.03:592][468]LogLoad: Game class is 'BP_ATBTT_C'
[2018.06.26-17.31.03:596][468]LogWorld: Bringing World /Game/Project/UEDPIE_0_MainScene.MainScene up for play (max tick rate 0) at 2018.06.26-20.31.03
[2018.06.26-17.31.03:596][468]LogWorld: Bringing up level for play took: 0.003078
[2018.06.26-17.31.03:597][468]LogGameMode: Display: Match State Changed from EnteringMap to WaitingToStart
[2018.06.26-17.31.03:597][468]LogGameState: Match State Changed from EnteringMap to WaitingToStart
[2018.06.26-17.31.03:597][468]LogGameMode: Display: Match State Changed from WaitingToStart to InProgress
[2018.06.26-17.31.03:600][468]LogGameState: Match State Changed from WaitingToStart to InProgress
[2018.06.26-17.31.03:600][468]LogLoad: Took 0.931190 seconds to LoadMap(/Game/Project/MainScene)
[2018.06.26-17.31.06:450][797]LogSlate: FSceneViewport::OnFocusLost() reason 0
[2018.06.26-17.31.09:036][107]LogBlueprintUserMessages: Early EndPlayMap Detection: Level '/Game/Project/MainMenu.MainMenu:PersistentLevel' has LevelScriptBlueprint '/Game/Project/MainMenu.MainMenu:PersistentLevel.MainMenu' with GeneratedClass '/Game/Project/MainMenu.MainMenu_C' with ClassGeneratedBy '/Game/Project/MainMenu.MainMenu:PersistentLevel.MainMenu'
[2018.06.26-17.31.09:076][107]LogBlueprintUserMessages: Late EndPlayMap Detection: Level '/Game/Project/MainMenu.MainMenu:PersistentLevel' has LevelScriptBlueprint '/Game/Project/MainMenu.MainMenu:PersistentLevel.MainMenu' with GeneratedClass '/Game/Project/MainMenu.MainMenu_C' with ClassGeneratedBy '/Game/Project/MainMenu.MainMenu:PersistentLevel.MainMenu'
[2018.06.26-17.32.45:922][113]LogSlate: Window 'Message Log' being destroyed
[2018.06.26-17.32.45:927][113]LogSlate: Window 'Message Log' being destroyed
[2018.06.26-17.32.50:634][623]LogAIModule: Creating AISystem for world MainScene
[2018.06.26-17.32.50:655][623]Cmd: MAP LOAD FILE="../../../../../Users/andre/OneDrive/Documents/Unreal Projects/SorrowV2/Content/Project/MainScene.umap" TEMPLATE=0 SHOWPROGRESS=1 FEATURELEVEL=3
[2018.06.26-17.32.50:655][623]LightingResults: New page: Lighting Build
[2018.06.26-17.32.50:655][623]LoadErrors: New page: Loading map: MainScene.umap
[2018.06.26-17.32.50:656][623]MapCheck: New page: Map Check
[2018.06.26-17.32.50:656][623]LightingResults: New page: Lighting Build
[2018.06.26-17.32.50:977][623]LogEditorServer: Finished looking for orphan Actors (0.000 secs)
[2018.06.26-17.32.51:022][623]Cmd: MAP CHECKDEP NOCLEARLOG
[2018.06.26-17.32.51:095][623]MapCheck: Map check complete: 0 Error(s), 0 Warning(s), took 72,478ms to complete.
[2018.06.26-17.32.51:095][623]LogFileHelpers: Loading map 'MainScene' took 0.440
[2018.06.26-17.32.53:613][913]LogEditorViewport: Clicking on Actor (LMB): BP_GridManager_Adv_C (BP_GridManager_Adv)
[2018.06.26-17.33.08:052][600]LogEditorViewport: Clicking on Actor (context menu): BP_GridManager_Adv_C (BP_GridManager_Adv)
[2018.06.26-17.33.08:219][600]LogSlate: FSceneViewport::OnFocusLost() reason 2
[2018.06.26-17.33.09:538][754]LogEditorViewport: Clicking on Actor (LMB): BP_Sky_Sphere_C (Sky Sphere)
[2018.06.26-17.33.10:754][883]LogSlate: FSceneViewport::OnFocusLost() reason 0
[2018.06.26-17.33.44:922][786]LogContentBrowser: Native class hierarchy updated for 'BlueprintGraph' in 0.0008 seconds. Added 116 classes and 0 folders.
[2018.06.26-17.33.46:132][786]LogSlate: Took 0.037990 seconds to synchronously load lazily loaded font '../../../Engine/Content/Slate/Fonts/Roboto-BoldCondensed.ttf' (158K)
[2018.06.26-17.33.46:537][787]LogSlate: Took 0.001244 seconds to synchronously load lazily loaded font '../../../Engine/Content/Slate/Fonts/Roboto-Italic.ttf' (157K)
[2018.06.26-17.36.43:381][806]BlueprintLog: New page: Compile BP_ATBTT
[2018.06.26-17.42.49:239][994]LogWindowsTextInputMethodSystem: Display: IME system now deactivated.
[2018.06.26-17.42.49:239][994]LogWindowsTextInputMethodSystem: Display: IME system now deactivated.
[2018.06.26-17.42.50:309][ 70]LogFileHelpers: Editor autosave (incl. sublevels) for '/Game/Project/MainScene' took 0.031
[2018.06.26-17.42.50:331][ 70]OBJ SavePackage: Generating thumbnails for [0] asset(s) in package [/Game/AdvancedTurnBasedTileToolkit/Core/BP_ATBTT] ([1] browsable assets)...
[2018.06.26-17.42.50:331][ 70]OBJ SavePackage: Finished generating thumbnails for package [/Game/AdvancedTurnBasedTileToolkit/Core/BP_ATBTT]
[2018.06.26-17.42.50:387][ 70]LogSavePackage: Save=36.16ms
[2018.06.26-17.42.50:387][ 70]LogSavePackage: Moving '../../../../../Users/andre/OneDrive/Documents/Unreal Projects/SorrowV2/Saved/BP_ATBTT_Auto162ADF10B4E10B740B502D791D7DB98E8.tmp' to '../../../../../Users/andre/OneDrive/Documents/Unreal Projects/SorrowV2/Saved/Autosaves/Game/AdvancedTurnBasedTileToolkit/Core/BP_ATBTT_Auto1.uasset'
[2018.06.26-17.42.50:397][ 70]LogSavePackage: Display: Finished SavePackage ../../../../../Users/andre/OneDrive/Documents/Unreal Projects/SorrowV2/Saved/Autosaves/Game/AdvancedTurnBasedTileToolkit/Core/BP_ATBTT_Auto1.uasset
[2018.06.26-17.42.50:397][ 70]LogFileHelpers: Auto-saving content packages took 0.088
[2018.06.26-17.42.56:025][568]LogSlate: FSceneViewport::OnFocusLost() reason 2
[2018.06.26-17.43.16:786][499]LogSlate: FSceneViewport::OnFocusLost() reason 0
[2018.06.26-17.43.18:552][697]LogAIModule: Creating AISystem for world MainMenu
[2018.06.26-17.43.21:114][697]LogSlate: Window 'Save Content' being destroyed
[2018.06.26-17.43.22:124][814]LogSlate: FSceneViewport::OnFocusLost() reason 0
[2018.06.26-17.43.22:240][828]LogTemp: Repeating last play command: Selected Viewport
[2018.06.26-17.43.22:254][828]BlueprintLog: New page: Pre-Play auto-recompile
[2018.06.26-17.43.22:262][828]LogPlayLevel: [PlayLevel] Compiling BP_ATBTT before play...
[2018.06.26-17.43.22:501][828]LogPlayLevel: PlayLevel: Blueprint regeneration took 248 ms (1 blueprints)
[2018.06.26-17.43.22:501][828]PIE: New page: PIE session: MainScene (26 июня 2018 г., 23:43:22)
[2018.06.26-17.43.22:503][828]LogPlayLevel: Creating play world package: /Game/Project/UEDPIE_0_MainScene
[2018.06.26-17.43.22:506][828]LogPlayLevel: PIE: StaticDuplicateObject took: (0.003269s)
[2018.06.26-17.43.22:508][828]LogAIModule: Creating AISystem for world MainScene
[2018.06.26-17.43.22:509][828]LogPlayLevel: PIE: World Init took: (0.001922s)
[2018.06.26-17.43.22:509][828]LogPlayLevel: PIE: Created PIE world by copying editor world from /Game/Project/MainScene.MainScene to /Game/Project/UEDPIE_0_MainScene.MainScene (0.005420s)
[2018.06.26-17.43.22:541][828]LogInit: XAudio2 using 'Динамики (Realtek High Definition Audio)' : 2 channels at 48 kHz using 32 bits per sample (channel mask 0x3)
[2018.06.26-17.43.22:556][828]LogInit: FAudioDevice initialized.
[2018.06.26-17.43.22:593][828]LogLoad: Game class is 'BP_ATBTT_C'
[2018.06.26-17.43.22:596][828]LogWorld: Bringing World /Game/Project/UEDPIE_0_MainScene.MainScene up for play (max tick rate 0) at 2018.06.26-20.43.22
[2018.06.26-17.43.22:596][828]LogWorld: Bringing up level for play took: 0.001481
[2018.06.26-17.43.22:597][828]LogGameMode: Display: Match State Changed from EnteringMap to WaitingToStart
[2018.06.26-17.43.22:597][828]LogGameState: Match State Changed from EnteringMap to WaitingToStart
[2018.06.26-17.43.22:597][828]LogGameMode: Display: Match State Changed from WaitingToStart to InProgress
[2018.06.26-17.43.22:598][828]LogGameState: Match State Changed from WaitingToStart to InProgress
[2018.06.26-17.43.22:598][828]PIE: Play in editor start time for /Game/Project/UEDPIE_0_MainScene 0,721
[2018.06.26-17.43.26:327][271]LogSlate: FSceneViewport::OnFocusLost() reason 0
[2018.06.26-17.43.51:994][ 74]LogWindowsTextInputMethodSystem: Display: IME system now deactivated.
[2018.06.26-17.43.51:994][ 74]LogWindowsTextInputMethodSystem: Display: IME system now deactivated.
[2018.06.26-17.45.05:242][326]BlueprintLog: New page: Compile BP_ATBTT
[2018.06.26-17.45.06:633][441]LogTemp: Repeating last play command: Selected Viewport
[2018.06.26-17.45.06:650][441]LogPlayLevel: PlayLevel: No blueprints needed recompiling
[2018.06.26-17.45.06:651][441]PIE: New page: PIE session: MainScene (26 июня 2018 г., 23:45:06)
[2018.06.26-17.45.06:651][441]LogPlayLevel: Creating play world package: /Game/Project/UEDPIE_0_MainScene
[2018.06.26-17.45.06:655][441]LogPlayLevel: PIE: StaticDuplicateObject took: (0.003360s)
[2018.06.26-17.45.06:655][441]LogAIModule: Creating AISystem for world MainScene
[2018.06.26-17.45.06:656][441]LogPlayLevel: PIE: World Init took: (0.000853s)
[2018.06.26-17.45.06:656][441]LogPlayLevel: PIE: Created PIE world by copying editor world from /Game/Project/MainScene.MainScene to /Game/Project/UEDPIE_0_MainScene.MainScene (0.004431s)
[2018.06.26-17.45.06:689][441]LogInit: XAudio2 using 'Динамики (Realtek High Definition Audio)' : 2 channels at 48 kHz using 32 bits per sample (channel mask 0x3)
[2018.06.26-17.45.06:701][441]LogInit: FAudioDevice initialized.
[2018.06.26-17.45.06:735][441]LogLoad: Game class is 'BP_ATBTT_C'
[2018.06.26-17.45.06:738][441]LogWorld: Bringing World /Game/Project/UEDPIE_0_MainScene.MainScene up for play (max tick rate 0) at 2018.06.26-20.45.06
[2018.06.26-17.45.06:738][441]LogWorld: Bringing up level for play took: 0.001864
[2018.06.26-17.45.06:739][441]LogGameMode: Display: Match State Changed from EnteringMap to WaitingToStart
[2018.06.26-17.45.06:739][441]LogGameState: Match State Changed from EnteringMap to WaitingToStart
[2018.06.26-17.45.06:739][441]LogGameMode: Display: Match State Changed from WaitingToStart to InProgress
[2018.06.26-17.45.06:742][441]LogGameState: Match State Changed from WaitingToStart to InProgress
[2018.06.26-17.45.06:742][441]PIE: Play in editor start time for /Game/Project/UEDPIE_0_MainScene 0,865
[2018.06.26-17.45.14:735][271]LogSlate: FSceneViewport::OnFocusLost() reason 2
[2018.06.26-17.49.29:775][ 85]LogSlate: Window 'Save Content' being destroyed
[2018.06.26-17.49.29:816][ 85]LogSavePackage: Save=25.91ms
[2018.06.26-17.49.29:816][ 85]LogSavePackage: Moving '../../../../../Users/andre/OneDrive/Documents/Unreal Projects/SorrowV2/Saved/BP_ATBTTB68E71B049CC36E1A12131AAC19C41D3.tmp' to '../../../../../Users/andre/OneDrive/Documents/Unreal Projects/SorrowV2/Content/AdvancedTurnBasedTileToolkit/Core/BP_ATBTT.uasset'
[2018.06.26-17.49.29:821][ 85]LogSavePackage: Display: Finished SavePackage ../../../../../Users/andre/OneDrive/Documents/Unreal Projects/SorrowV2/Content/AdvancedTurnBasedTileToolkit/Core/BP_ATBTT.uasset
[2018.06.26-17.49.29:825][ 85]Cmd: MAP LOAD FILE="../../../../../Users/andre/OneDrive/Documents/Unreal Projects/SorrowV2/Content/Project/MainMenu.umap" TEMPLATE=0 SHOWPROGRESS=1 FEATURELEVEL=3
[2018.06.26-17.49.29:825][ 85]LightingResults: New page: Lighting Build
[2018.06.26-17.49.29:826][ 85]LoadErrors: New page: Loading map: MainMenu.umap
[2018.06.26-17.49.29:827][ 85]MapCheck: New page: Map Check
[2018.06.26-17.49.29:827][ 85]LightingResults: New page: Lighting Build
[2018.06.26-17.49.30:031][ 85]LogEditorServer: Finished looking for orphan Actors (0.000 secs)
[2018.06.26-17.49.30:087][ 85]Cmd: MAP CHECKDEP NOCLEARLOG
[2018.06.26-17.49.30:170][ 85]MapCheck: Map check complete: 0 Error(s), 0 Warning(s), took 82,629ms to complete.
[2018.06.26-17.49.30:172][ 85]LogFileHelpers: Loading map 'MainMenu' took 0.349
[2018.06.26-17.59.25:042][ 72]LogFileHelpers: Editor autosave (incl. sublevels) for '/Game/Project/MainMenu' took 0.030
[2018.06.26-17.59.25:044][ 72]OBJ SavePackage: Generating thumbnails for [0] asset(s) in package [/Game/Project/f/MainManuWidget] ([1] browsable assets)...
[2018.06.26-17.59.25:044][ 72]OBJ SavePackage: Finished generating thumbnails for package [/Game/Project/f/MainManuWidget]
[2018.06.26-17.59.25:069][ 72]LogSavePackage: Save=20.22ms
[2018.06.26-17.59.25:069][ 72]LogSavePackage: Moving '../../../../../Users/andre/OneDrive/Documents/Unreal Projects/SorrowV2/Saved/MainManuWidget_Auto2B7EA31804F297086579FC2B1475B1874.tmp' to '../../../../../Users/andre/OneDrive/Documents/Unreal Projects/SorrowV2/Saved/Autosaves/Game/Project/f/MainManuWidget_Auto2.uasset'
[2018.06.26-17.59.25:073][ 72]LogSavePackage: Display: Finished SavePackage ../../../../../Users/andre/OneDrive/Documents/Unreal Projects/SorrowV2/Saved/Autosaves/Game/Project/f/MainManuWidget_Auto2.uasset
[2018.06.26-17.59.25:074][ 72]OBJ SavePackage: Generating thumbnails for [0] asset(s) in package [/Game/AdvancedTurnBasedTileToolkit/Core/BP_ATBTT] ([1] browsable assets)...
[2018.06.26-17.59.25:074][ 72]OBJ SavePackage: Finished generating thumbnails for package [/Game/AdvancedTurnBasedTileToolkit/Core/BP_ATBTT]
[2018.06.26-17.59.25:103][ 72]LogSavePackage: Save=24.05ms
[2018.06.26-17.59.25:103][ 72]LogSavePackage: Moving '../../../../../Users/andre/OneDrive/Documents/Unreal Projects/SorrowV2/Saved/BP_ATBTT_Auto29D8321ED4A937841C5D941A572E1C141.tmp' to '../../../../../Users/andre/OneDrive/Documents/Unreal Projects/SorrowV2/Saved/Autosaves/Game/AdvancedTurnBasedTileToolkit/Core/BP_ATBTT_Auto2.uasset'
[2018.06.26-17.59.25:106][ 72]LogSavePackage: Display: Finished SavePackage ../../../../../Users/andre/OneDrive/Documents/Unreal Projects/SorrowV2/Saved/Autosaves/Game/AdvancedTurnBasedTileToolkit/Core/BP_ATBTT_Auto2.uasset
[2018.06.26-17.59.25:106][ 72]LogFileHelpers: Auto-saving content packages took 0.063
[2018.06.26-18.08.28:754][179]Cmd: TRANSACTION UNDO
[2018.06.26-18.08.28:754][179]LogEditorTransaction: Undo Add New Function
[2018.06.26-18.08.46:159][165]LogEditorTransaction: Undo Add New Event Dispatcher
[2018.06.26-18.10.32:995][552]LogFileHelpers: Editor autosave (incl. sublevels) for '/Game/Project/MainMenu' took 0.038
[2018.06.26-18.10.32:998][552]OBJ SavePackage: Generating thumbnails for [0] asset(s) in package [/Game/Project/f/MainManuWidget] ([1] browsable assets)...
[2018.06.26-18.10.32:998][552]OBJ SavePackage: Finished generating thumbnails for package [/Game/Project/f/MainManuWidget]
[2018.06.26-18.10.33:021][552]LogSavePackage: Save=17.95ms
[2018.06.26-18.10.33:021][552]LogSavePackage: Moving '../../../../../Users/andre/OneDrive/Documents/Unreal Projects/SorrowV2/Saved/MainManuWidget_Auto387AC9C4D45A2C1563D5223AAB5730D48.tmp' to '../../../../../Users/andre/OneDrive/Documents/Unreal Projects/SorrowV2/Saved/Autosaves/Game/Project/f/MainManuWidget_Auto3.uasset'
[2018.06.26-18.10.33:023][552]LogSavePackage: Display: Finished SavePackage ../../../../../Users/andre/OneDrive/Documents/Unreal Projects/SorrowV2/Saved/Autosaves/Game/Project/f/MainManuWidget_Auto3.uasset
[2018.06.26-18.10.33:023][552]LogFileHelpers: Auto-saving content packages took 0.028
